# JRE version: Java(TM) SE Runtime Environment (8.0_301-b09) (build 1.8.0_301-b09)
# Java VM: Java HotSpot(TM) 64-Bit Server VM (25.301-b09 mixed mode bsd-amd64 compressed oops)
Heap:
 PSYoungGen      total 202752K, used 21968K [0x0000000715580000, 0x0000000723800000, 0x00000007c0000000)
  eden space 188928K, 5% used [0x0000000715580000,0x0000000715f04080,0x0000000720e00000)
  from space 13824K, 88% used [0x0000000722a80000,0x000000072366ffa8,0x0000000723800000)
  to   space 21504K, 0% used [0x0000000720e00000,0x0000000720e00000,0x0000000722300000)
 ParOldGen       total 198656K, used 7484K [0x00000005c0000000, 0x00000005cc200000, 0x0000000715580000)
  object space 198656K, 3% used [0x00000005c0000000,0x00000005c074f2d0,0x00000005cc200000)
 Metaspace       used 32602K, capacity 35162K, committed 35456K, reserved 1079296K
  class space    used 4408K, capacity 4888K, committed 4992K, reserved 1048576K
GC Heap History (10 events):
Event: 1.103 GC heap before
{Heap before GC invocations=1 (full 0):
 PSYoungGen      total 153088K, used 131584K [0x0000000715580000, 0x0000000720000000, 0x00000007c0000000)
  eden space 131584K, 100% used [0x0000000715580000,0x000000071d600000,0x000000071d600000)
  from space 21504K, 0% used [0x000000071eb00000,0x000000071eb00000,0x0000000720000000)
  to   space 21504K, 0% used [0x000000071d600000,0x000000071d600000,0x000000071eb00000)
 ParOldGen       total 349696K, used 0K [0x00000005c0000000, 0x00000005d5580000, 0x0000000715580000)
  object space 349696K, 0% used [0x00000005c0000000,0x00000005c0000000,0x00000005d5580000)
 Metaspace       used 19002K, capacity 19832K, committed 19840K, reserved 1067008K
  class space    used 2460K, capacity 2682K, committed 2688K, reserved 1048576K
Event: 1.114 GC heap after
Heap after GC invocations=1 (full 0):
 PSYoungGen      total 153088K, used 13725K [0x0000000715580000, 0x0000000720000000, 0x00000007c0000000)
  eden space 131584K, 0% used [0x0000000715580000,0x0000000715580000,0x000000071d600000)
  from space 21504K, 63% used [0x000000071d600000,0x000000071e3674e8,0x000000071eb00000)
  to   space 21504K, 0% used [0x000000071eb00000,0x000000071eb00000,0x0000000720000000)
 ParOldGen       total 349696K, used 24K [0x00000005c0000000, 0x00000005d5580000, 0x0000000715580000)
  object space 349696K, 0% used [0x00000005c0000000,0x00000005c0006000,0x00000005d5580000)
 Metaspace       used 19002K, capacity 19832K, committed 19840K, reserved 1067008K
  class space    used 2460K, capacity 2682K, committed 2688K, reserved 1048576K
}
Event: 1.260 GC heap before
{Heap before GC invocations=2 (full 0):
 PSYoungGen      total 153088K, used 43577K [0x0000000715580000, 0x0000000720000000, 0x00000007c0000000)
  eden space 131584K, 22% used [0x0000000715580000,0x00000007172a6fe0,0x000000071d600000)
  from space 21504K, 63% used [0x000000071d600000,0x000000071e3674e8,0x000000071eb00000)
  to   space 21504K, 0% used [0x000000071eb00000,0x000000071eb00000,0x0000000720000000)
 ParOldGen       total 349696K, used 24K [0x00000005c0000000, 0x00000005d5580000, 0x0000000715580000)
  object space 349696K, 0% used [0x00000005c0000000,0x00000005c0006000,0x00000005d5580000)
 Metaspace       used 20295K, capacity 21222K, committed 21296K, reserved 1067008K
  class space    used 2654K, capacity 2893K, committed 2944K, reserved 1048576K
Event: 1.266 GC heap after
Heap after GC invocations=2 (full 0):
 PSYoungGen      total 153088K, used 7735K [0x0000000715580000, 0x0000000728080000, 0x00000007c0000000)
  eden space 131584K, 0% used [0x0000000715580000,0x0000000715580000,0x000000071d600000)
  from space 21504K, 35% used [0x000000071eb00000,0x000000071f28dc18,0x0000000720000000)
  to   space 21504K, 0% used [0x000000071d600000,0x000000071d600000,0x000000071eb00000)
 ParOldGen       total 349696K, used 32K [0x00000005c0000000, 0x00000005d5580000, 0x0000000715580000)
  object space 349696K, 0% used [0x00000005c0000000,0x00000005c0008000,0x00000005d5580000)
 Metaspace       used 20295K, capacity 21222K, committed 21296K, reserved 1067008K
  class space    used 2654K, capacity 2893K, committed 2944K, reserved 1048576K
}
Event: 1.266 GC heap before
{Heap before GC invocations=3 (full 1):
 PSYoungGen      total 153088K, used 7735K [0x0000000715580000, 0x0000000728080000, 0x00000007c0000000)
  eden space 131584K, 0% used [0x0000000715580000,0x0000000715580000,0x000000071d600000)
  from space 21504K, 35% used [0x000000071eb00000,0x000000071f28dc18,0x0000000720000000)
  to   space 21504K, 0% used [0x000000071d600000,0x000000071d600000,0x000000071eb00000)
 ParOldGen       total 349696K, used 32K [0x00000005c0000000, 0x00000005d5580000, 0x0000000715580000)
  object space 349696K, 0% used [0x00000005c0000000,0x00000005c0008000,0x00000005d5580000)
 Metaspace       used 20295K, capacity 21222K, committed 21296K, reserved 1067008K
  class space    used 2654K, capacity 2893K, committed 2944K, reserved 1048576K
Event: 1.288 GC heap after
Heap after GC invocations=3 (full 1):
 PSYoungGen      total 153088K, used 0K [0x0000000715580000, 0x0000000728080000, 0x00000007c0000000)
  eden space 131584K, 0% used [0x0000000715580000,0x0000000715580000,0x000000071d600000)
  from space 21504K, 0% used [0x000000071eb00000,0x000000071eb00000,0x0000000720000000)
  to   space 21504K, 0% used [0x000000071d600000,0x000000071d600000,0x000000071eb00000)
 ParOldGen       total 198656K, used 7468K [0x00000005c0000000, 0x00000005cc200000, 0x0000000715580000)
  object space 198656K, 3% used [0x00000005c0000000,0x00000005c074b2d0,0x00000005cc200000)
 Metaspace       used 20295K, capacity 21222K, committed 21296K, reserved 1067008K
  class space    used 2654K, capacity 2893K, committed 2944K, reserved 1048576K
}
Event: 2.156 GC heap before
{Heap before GC invocations=4 (full 1):
 PSYoungGen      total 153088K, used 131584K [0x0000000715580000, 0x0000000728080000, 0x00000007c0000000)
  eden space 131584K, 100% used [0x0000000715580000,0x000000071d600000,0x000000071d600000)
  from space 21504K, 0% used [0x000000071eb00000,0x000000071eb00000,0x0000000720000000)
  to   space 21504K, 0% used [0x000000071d600000,0x000000071d600000,0x000000071eb00000)
 ParOldGen       total 198656K, used 7468K [0x00000005c0000000, 0x00000005cc200000, 0x0000000715580000)
  object space 198656K, 3% used [0x00000005c0000000,0x00000005c074b2d0,0x00000005cc200000)
 Metaspace       used 27729K, capacity 29554K, committed 29696K, reserved 1075200K
  class space    used 3683K, capacity 4047K, committed 4096K, reserved 1048576K
Event: 2.163 GC heap after
Heap after GC invocations=4 (full 1):
 PSYoungGen      total 153088K, used 13052K [0x0000000715580000, 0x0000000723f80000, 0x00000007c0000000)
  eden space 131584K, 0% used [0x0000000715580000,0x0000000715580000,0x000000071d600000)
  from space 21504K, 60% used [0x000000071d600000,0x000000071e2bf0d0,0x000000071eb00000)
  to   space 21504K, 0% used [0x0000000722a80000,0x0000000722a80000,0x0000000723f80000)
 ParOldGen       total 198656K, used 7476K [0x00000005c0000000, 0x00000005cc200000, 0x0000000715580000)
  object space 198656K, 3% used [0x00000005c0000000,0x00000005c074d2d0,0x00000005cc200000)
 Metaspace       used 27729K, capacity 29554K, committed 29696K, reserved 1075200K
  class space    used 3683K, capacity 4047K, committed 4096K, reserved 1048576K
}
Event: 6.603 GC heap before
{Heap before GC invocations=5 (full 1):
 PSYoungGen      total 153088K, used 144636K [0x0000000715580000, 0x0000000723f80000, 0x00000007c0000000)
  eden space 131584K, 100% used [0x0000000715580000,0x000000071d600000,0x000000071d600000)
  from space 21504K, 60% used [0x000000071d600000,0x000000071e2bf0d0,0x000000071eb00000)
  to   space 21504K, 0% used [0x0000000722a80000,0x0000000722a80000,0x0000000723f80000)
 ParOldGen       total 198656K, used 7476K [0x00000005c0000000, 0x00000005cc200000, 0x0000000715580000)
  object space 198656K, 3% used [0x00000005c0000000,0x00000005c074d2d0,0x00000005cc200000)
 Metaspace       used 32035K, capacity 34592K, committed 34816K, reserved 1079296K
  class space    used 4341K, capacity 4813K, committed 4864K, reserved 1048576K
Event: 6.614 GC heap after
Heap after GC invocations=5 (full 1):
 PSYoungGen      total 202752K, used 12223K [0x0000000715580000, 0x0000000723800000, 0x00000007c0000000)
  eden space 188928K, 0% used [0x0000000715580000,0x0000000715580000,0x0000000720e00000)
  from space 13824K, 88% used [0x0000000722a80000,0x000000072366ffa8,0x0000000723800000)
  to   space 21504K, 0% used [0x0000000720e00000,0x0000000720e00000,0x0000000722300000)
 ParOldGen       total 198656K, used 7484K [0x00000005c0000000, 0x00000005cc200000, 0x0000000715580000)
  object space 198656K, 3% used [0x00000005c0000000,0x00000005c074f2d0,0x00000005cc200000)
 Metaspace       used 32035K, capacity 34592K, committed 34816K, reserved 1079296K
  class space    used 4341K, capacity 4813K, committed 4864K, reserved 1048576K
}

